<?xml version="1.0" encoding="utf-8"?><testsuites><testsuite name="pytest" errors="0" failures="0" skipped="0" tests="3" time="38.402" timestamp="2022-10-17T01:13:49.398167" hostname="LAPTOP-PKMU8E8V"><testcase classname="test_e2e.TestOne" name="test_e2e" time="17.192" /><testcase classname="test_homePage.TestHomePage" name="test_FormSubmission[getData0]" time="18.065" /><testcase classname="test_homePage.TestHomePage" name="test_FormSubmission[getData1]" time="3.112" /></testsuite></testsuites>